<?xml version="1.0" encoding="UTF-8"?>
<testng-results skipped="0" failed="0" ignored="0" total="1" passed="1">
  <reporter-output>
  </reporter-output>
  <suite name="Default suite" duration-ms="6420" started-at="2023-10-10T14:15:40 CDT" finished-at="2023-10-10T14:15:46 CDT">
    <groups>
    </groups>
    <test name="Default test" duration-ms="6420" started-at="2023-10-10T14:15:40 CDT" finished-at="2023-10-10T14:15:46 CDT">
      <class name="test.RegisterTest">
        <test-method status="PASS" signature="validateUserShouldBeAbleToRegister()[pri:0, instance:test.RegisterTest@3d99d22e]" name="validateUserShouldBeAbleToRegister" duration-ms="6362" started-at="2023-10-10T14:15:40 CDT" finished-at="2023-10-10T14:15:46 CDT">
          <reporter-output>
          </reporter-output>
        </test-method> <!-- validateUserShouldBeAbleToRegister -->
      </class> <!-- test.RegisterTest -->
    </test> <!-- Default test -->
  </suite> <!-- Default suite -->
</testng-results>
